
The following files have been resolved:
   org.jboss:jandex:jar:2.0.5.Final:compile
   com.fasterxml.jackson.datatype:jackson-datatype-jdk8:jar:2.9.8:compile
   com.fasterxml.jackson.module:jackson-module-parameter-names:jar:2.9.8:compile
   org.springframework.boot:spring-boot-devtools:jar:2.1.4.RELEASE:runtime
   org.springframework.boot:spring-boot-starter-security:jar:2.1.4.RELEASE:compile
   javax.xml.bind:jaxb-api:jar:2.3.1:compile
   org.springframework.security:spring-security-core:jar:5.1.5.RELEASE:compile
   org.aspectj:aspectjweaver:jar:1.9.2:compile
   org.apache.logging.log4j:log4j-api:jar:2.11.2:compile
   javax.validation:validation-api:jar:2.0.1.Final:compile
   org.postgresql:postgresql:jar:42.2.5:compile
   org.springframework:spring-jdbc:jar:5.1.6.RELEASE:compile
   org.springframework.boot:spring-boot-starter-jdbc:jar:2.1.4.RELEASE:compile
   antlr:antlr:jar:2.7.7:compile
   org.springframework.boot:spring-boot-starter-aop:jar:2.1.4.RELEASE:compile
   org.springframework.security:spring-security-config:jar:5.1.5.RELEASE:compile
   com.sun.istack:istack-commons-runtime:jar:3.0.8:compile
   com.h2database:h2:jar:1.4.199:compile
   org.slf4j:slf4j-api:jar:1.7.26:compile
   org.springframework:spring-expression:jar:5.1.6.RELEASE:compile
   ch.qos.logback:logback-classic:jar:1.2.3:compile
   javax.annotation:javax.annotation-api:jar:1.3.2:compile
   io.springfox:springfox-swagger-ui:jar:2.9.2:compile
   org.jboss.logging:jboss-logging:jar:3.3.2.Final:compile
   org.springframework.plugin:spring-plugin-metadata:jar:1.2.0.RELEASE:compile
   org.springframework:spring-aop:jar:5.1.6.RELEASE:compile
   org.springframework.boot:spring-boot:jar:2.1.4.RELEASE:compile
   org.springframework.data:spring-data-jpa:jar:2.1.6.RELEASE:compile
   com.fasterxml.jackson.core:jackson-annotations:jar:2.9.0:compile
   org.codehaus.jackson:jackson-mapper-asl:jar:1.9.13:compile
   org.hibernate.common:hibernate-commons-annotations:jar:5.0.4.Final:compile
   org.springframework.boot:spring-boot-starter-logging:jar:2.1.4.RELEASE:compile
   org.hibernate:hibernate-core:jar:5.3.9.Final:compile
   javax.transaction:javax.transaction-api:jar:1.3:compile
   javax.activation:javax.activation-api:jar:1.2.0:compile
   com.google.guava:guava:jar:20.0:compile
   jakarta.activation:jakarta.activation-api:jar:1.2.1:compile
   io.springfox:springfox-schema:jar:2.9.2:compile
   org.apache.logging.log4j:log4j-to-slf4j:jar:2.11.2:compile
   io.springfox:springfox-swagger-common:jar:2.9.2:compile
   org.codehaus.jackson:jackson-core-asl:jar:1.9.13:compile
   commons-codec:commons-codec:jar:1.11:compile
   org.springframework:spring-jcl:jar:5.1.6.RELEASE:compile
   org.glassfish.jaxb:jaxb-runtime:jar:2.3.2:compile
   org.mapstruct:mapstruct:jar:1.2.0.Final:compile
   org.springframework.data:spring-data-commons:jar:2.1.6.RELEASE:compile
   com.fasterxml.jackson.core:jackson-core:jar:2.9.8:compile
   io.springfox:springfox-core:jar:2.9.2:compile
   org.springframework.boot:spring-boot-starter-web:jar:2.1.4.RELEASE:compile
   org.springframework.boot:spring-boot-autoconfigure:jar:2.1.4.RELEASE:compile
   org.slf4j:jul-to-slf4j:jar:1.7.26:compile
   net.bytebuddy:byte-buddy:jar:1.9.12:compile
   io.springfox:springfox-spring-web:jar:2.9.2:compile
   com.fasterxml.jackson.core:jackson-databind:jar:2.9.9:compile
   org.javassist:javassist:jar:3.23.1-GA:compile
   org.springframework.security:spring-security-web:jar:5.1.5.RELEASE:compile
   org.springframework.security.oauth:spring-security-oauth2:jar:2.3.6.RELEASE:compile
   io.swagger:swagger-models:jar:1.5.20:compile
   org.apache.tomcat.embed:tomcat-embed-websocket:jar:9.0.17:compile
   com.fasterxml:classmate:jar:1.4.0:compile
   org.hdrhistogram:HdrHistogram:jar:2.1.9:compile
   io.swagger:swagger-annotations:jar:1.5.20:compile
   io.micrometer:micrometer-core:jar:1.1.4:compile
   io.springfox:springfox-swagger2:jar:2.9.2:compile
   org.springframework:spring-aspects:jar:5.1.6.RELEASE:compile
   org.springframework:spring-context:jar:5.1.6.RELEASE:compile
   org.springframework:spring-webmvc:jar:5.1.6.RELEASE:compile
   org.springframework.boot:spring-boot-actuator-autoconfigure:jar:2.1.4.RELEASE:compile
   ch.qos.logback:logback-core:jar:1.2.3:compile
   javax.activation:activation:jar:1.1.1:compile
   com.zaxxer:HikariCP:jar:3.2.0:compile
   jakarta.xml.bind:jakarta.xml.bind-api:jar:2.3.2:compile
   org.springframework.boot:spring-boot-starter-data-jpa:jar:2.1.4.RELEASE:compile
   org.springframework:spring-tx:jar:5.1.6.RELEASE:compile
   com.sun.xml.fastinfoset:FastInfoset:jar:1.2.16:compile
   com.fasterxml.jackson.datatype:jackson-datatype-jsr310:jar:2.9.8:compile
   org.glassfish.jaxb:txw2:jar:2.3.2:compile
   org.hibernate.validator:hibernate-validator:jar:6.0.16.Final:compile
   org.jvnet.staxex:stax-ex:jar:1.8.1:compile
   org.springframework.boot:spring-boot-starter:jar:2.1.4.RELEASE:compile
   org.latencyutils:LatencyUtils:jar:2.0.3:compile
   org.springframework:spring-core:jar:5.1.6.RELEASE:compile
   org.springframework.boot:spring-boot-starter-json:jar:2.1.4.RELEASE:compile
   org.springframework.plugin:spring-plugin-core:jar:1.2.0.RELEASE:compile
   org.springframework.boot:spring-boot-starter-actuator:jar:2.1.4.RELEASE:compile
   org.springframework.boot:spring-boot-actuator:jar:2.1.4.RELEASE:compile
   org.apache.tomcat.embed:tomcat-embed-core:jar:9.0.17:compile
   io.springfox:springfox-spi:jar:2.9.2:compile
   org.yaml:snakeyaml:jar:1.23:runtime
   org.springframework.boot:spring-boot-starter-tomcat:jar:2.1.4.RELEASE:compile
   org.apache.tomcat.embed:tomcat-embed-el:jar:9.0.17:compile
   org.springframework:spring-beans:jar:5.1.6.RELEASE:compile
   javax.persistence:javax.persistence-api:jar:2.2:compile
   org.springframework:spring-web:jar:5.1.6.RELEASE:compile
   org.springframework:spring-orm:jar:5.1.6.RELEASE:compile
   org.dom4j:dom4j:jar:2.1.1:compile

